Input file: TeamK1P3.ss
   1: (define (main)
   2: 	(if (> 5 6) (display 'five_is_greater_than_six)
   3: 		(display 'five_is_not_greater_than_six))
   4: 	(newline)
   5: 	(if (< 5 6) (display 'five_is_less_than_six)
   6: 		(display 'five_is_not_less_than_size))
   7: 	(newline)	
   8: 	(if (<= 5 5) (display 'five_is_less_than_or_equal_to_five)
   9: 		(display 'five_is_not_less_than_or_equal_to_size))
  10: 	(newline)
  11: 	(if (>= 5 5) (display 'five_is_greater_than_or_equal_to_five)
  12: 		(display 'five_is_not_greater_than_or_equal_to_five))
  13: 	(newline)
  14: 	(display (+ 1 5))
  15: 	(newline)
  16: 	(display (+ -1 -5))
  17: 	(newline)
  18: 	(display (- 5 7))
  19: 	(newline)
  20: 	(display (- 10 32))
  21: 	(newline)
  22: 	(display (* 3 7))
  23: 	(newline)
  24: 	(display (* 4 32))
  25: 	(newline)
  26: 	(display (/ 9 3))
  27: 	(newline)
  28: 	(display (/ 432 43))
  29: 	(newline)
  30: 	(display(/ (- 15 2) (+ 12 4)))
  31: 	(newline)
  32: )
0 errors found in input file
